<?xml version="1.0" encoding="UTF-8"?>
<!-- Generated by org.testng.reporters.JUnitReportReporter -->
<testsuite hostname="ATMECSINLT-043" failures="0" tests="1" name="com.org.test.dynamicTestNG.PhpTravels" time="11.390" errors="0" timestamp="2019-11-29T10:02:55 IST" skipped="0">
  <testcase classname="com.org.test.dynamicTestNG.PhpTravels" name="homePage" time="11.390"/>
</testsuite> <!-- com.org.test.dynamicTestNG.PhpTravels -->
