<?xml version="1.0" encoding="UTF-8"?>
<!-- Generated by org.testng.reporters.JUnitReportReporter -->
<testsuite hostname="ATMECSINLT-043" failures="0" tests="1" name="com.org.test.testscripts.PhpTravels" time="0.022" errors="0" timestamp="2019-11-29T10:49:48 IST" skipped="0">
  <testcase classname="com.org.test.testscripts.PhpTravels" name="hotelBooking" time="0.022"/>
</testsuite> <!-- com.org.test.testscripts.PhpTravels -->
