<?xml version="1.0" encoding="UTF-8"?>
<!-- Generated by org.testng.reporters.JUnitReportReporter -->
<testsuite hostname="ATMECSINLT-043" failures="0" tests="1" name="com.org.php.testscripts.IdentifyHotel" time="21.089" errors="0" timestamp="2019-12-05T15:20:24 IST" skipped="0">
  <testcase classname="com.org.php.testscripts.IdentifyHotel" name="identifyFourStarHotel" time="21.089"/>
</testsuite> <!-- com.org.php.testscripts.IdentifyHotel -->
